{
  "stats": {
    "suites": 1,
    "tests": 2,
    "passes": 2,
    "pending": 0,
    "failures": 0,
    "start": "2023-03-12T13:47:45.864Z",
    "end": "2023-03-12T13:47:45.915Z",
    "duration": 51,
    "testsRegistered": 2,
    "passPercent": 100,
    "pendingPercent": 0,
    "other": 0,
    "hasOther": false,
    "skipped": 0,
    "hasSkipped": false
  },
  "results": [
    {
      "uuid": "74888f85-9e34-4a54-9e82-0524db26f81c",
      "title": "",
      "fullFile": "C:\\Users\\rikoh\\Documents\\Fazztrack\\Repo-kebutuhan-fazztrack\\Week 4\\API\\test-api\\tugas-api.js",
      "file": "\\test-api\\tugas-api.js",
      "beforeHooks": [],
      "afterHooks": [],
      "tests": [],
      "suites": [
        {
          "uuid": "754797c0-ab15-4386-a472-4bd52e9c2303",
          "title": "API automation test untuk endpoint GET /v1/users/{id}",
          "fullFile": "C:\\Users\\rikoh\\Documents\\Fazztrack\\Repo-kebutuhan-fazztrack\\Week 4\\API\\test-api\\tugas-api.js",
          "file": "\\test-api\\tugas-api.js",
          "beforeHooks": [
            {
              "title": "\"before all\" hook: Hit Endpoint create user in \"API automation test untuk endpoint GET /v1/users/{id}\"",
              "fullTitle": "API automation test untuk endpoint GET /v1/users/{id} \"before all\" hook: Hit Endpoint create user in \"API automation test untuk endpoint GET /v1/users/{id}\"",
              "timedOut": false,
              "duration": 28,
              "state": null,
              "speed": null,
              "pass": false,
              "fail": false,
              "pending": false,
              "context": null,
              "code": "// data tampungan dari data file lokal\nlet data = dataCreateUser1.dataCreateUser();\n//To do create user\nconst response = await apiUnderTest.createUser(data);\n  console.log(response.body);\n  idUser = response.body.id;",
              "err": {},
              "uuid": "acec30ec-6389-4adb-8777-254e1fa46793",
              "parentUUID": "754797c0-ab15-4386-a472-4bd52e9c2303",
              "isHook": true,
              "skipped": false
            }
          ],
          "afterHooks": [
            {
              "title": "\"after all\" hook: Remove semua data in \"API automation test untuk endpoint GET /v1/users/{id}\"",
              "fullTitle": "API automation test untuk endpoint GET /v1/users/{id} \"after all\" hook: Remove semua data in \"API automation test untuk endpoint GET /v1/users/{id}\"",
              "timedOut": false,
              "duration": 3,
              "state": null,
              "speed": null,
              "pass": false,
              "fail": false,
              "pending": false,
              "context": null,
              "code": "// hooks remove smua data \nconst response = await apiUnderTest.deleteData()",
              "err": {},
              "uuid": "ac3178f4-55a4-431a-8a9d-41e7f2e4d29d",
              "parentUUID": "754797c0-ab15-4386-a472-4bd52e9c2303",
              "isHook": true,
              "skipped": false
            }
          ],
          "tests": [
            {
              "title": "ID-01 - User menggunakan data user id yang valid.",
              "fullTitle": "API automation test untuk endpoint GET /v1/users/{id} ID-01 - User menggunakan data user id yang valid.",
              "timedOut": false,
              "duration": 6,
              "state": "passed",
              "speed": "fast",
              "pass": true,
              "fail": false,
              "pending": false,
              "context": null,
              "code": "// let response = await apiUnderTest.createUser(data)\n // dimake sure apakah id yg dibuat id before ada\n response = await apiUnderTest.getUserDetail(idUser); \n     // tampungan data response body\n let data1 = response.body\n console.log(data1)\n  expect(response.status).to.eql(200); // assertion code\n  console.log(response.status);\n //  expect(response.body.id).to.equal(data1.id); // assertion id\n expect(response.body).to.have.property(`id`, `${idUser}`); // assertion id\n  for(let index = 0; index < response.body.length; index++){\n   expect(response.body[index]).to.be.jsonSchema(schemaResponse.getIdSchema1)\n }",
              "err": {},
              "uuid": "914d3f87-da6a-4746-a6a5-63b2850f3095",
              "parentUUID": "754797c0-ab15-4386-a472-4bd52e9c2303",
              "isHook": false,
              "skipped": false
            },
            {
              "title": "ID-02 -  User gagal mendapatkan data ketika data id yang diinputkan invalid.",
              "fullTitle": "API automation test untuk endpoint GET /v1/users/{id} ID-02 -  User gagal mendapatkan data ketika data id yang diinputkan invalid.",
              "timedOut": false,
              "duration": 5,
              "state": "passed",
              "speed": "fast",
              "pass": true,
              "fail": false,
              "pending": false,
              "context": null,
              "code": "// let data = jsonData;\n    // let response = await apiUnderTest.createUser(data);\n    response = await apiUnderTest.getUserDetail('098907079898'); //user memasukkan id yg slaah\n    console.log(response.status)\n    expect(response.status).to.eql(404);\n    expect(response.body).to.have.property('errorCode', 'ER-01');\n    expect(response.body).to.have.property('message', 'user not found');\n    console.log(response.body);",
              "err": {},
              "uuid": "d6804bba-e21e-4e56-9b81-9bbefe929c26",
              "parentUUID": "754797c0-ab15-4386-a472-4bd52e9c2303",
              "isHook": false,
              "skipped": false
            }
          ],
          "suites": [],
          "passes": [
            "914d3f87-da6a-4746-a6a5-63b2850f3095",
            "d6804bba-e21e-4e56-9b81-9bbefe929c26"
          ],
          "failures": [],
          "pending": [],
          "skipped": [],
          "duration": 11,
          "root": false,
          "rootEmpty": false,
          "_timeout": 2000
        }
      ],
      "passes": [],
      "failures": [],
      "pending": [],
      "skipped": [],
      "duration": 0,
      "root": true,
      "rootEmpty": true,
      "_timeout": 2000
    }
  ],
  "meta": {
    "mocha": {
      "version": "10.2.0"
    },
    "mochawesome": {
      "options": {
        "quiet": false,
        "reportFilename": "mochawesome",
        "saveHtml": true,
        "saveJson": true,
        "consoleReporter": "spec",
        "useInlineDiffs": false,
        "code": true
      },
      "version": "7.1.3"
    },
    "marge": {
      "options": null,
      "version": "6.2.0"
    }
  }
}